app/build/outputs/mapping/release/seeds.txt
com.screentimeguardian.twa.Application
com.screentimeguardian.twa.LauncherActivity
com.screentimeguardian.twa.DelegationService
com.screentimeguardian.twa.Application: Application()
com.screentimeguardian.twa.LauncherActivity: LauncherActivity()
com.screentimeguardian.twa.DelegationService: DelegationService()
...
androidx.lifecycle.SingleGeneratedAdapterObserver
androidx.core.graphics.drawable.IconCompatParcelizer
com.google.androidbrowserhelper.trusted.ManageDataLauncherActivity
android.support.v4.app.RemoteActionCompatParcelizer
androidx.core.app.RemoteActionCompatParcelizer
androidx.annotation.Keep
androidx.core.graphics.drawable.IconCompat
androidx.lifecycle.CompositeGeneratedAdaptersObserver
android.support.v4.graphics.drawable.IconCompatParcelizer
androidx.core.app.RemoteActionCompat
androidx.core.app.CoreComponentFactory
androidx.versionedparcelable.ParcelImpl
androidx.versionedparcelable.CustomVersionedParcelable
com.google.androidbrowserhelper.trusted.NotificationPermissionRequestActivity
androidx.browser.browseractions.BrowserActionsFallbackMenuView
androidx.lifecycle.ReflectiveGenericLifecycleObserver
androidx.lifecycle.FullLifecycleObserverAdapter
androidx.core.content.FileProvider
com.google.androidbrowserhelper.trusted.FocusActivity
com.google.androidbrowserhelper.trusted.WebViewFallbackActivity
androidx.versionedparcelable.ParcelImpl: android.os.Parcelable$Creator CREATOR
androidx.core.graphics.drawable.IconCompatParcelizer: androidx.core.graphics.drawable.IconCompat read(androidx.versionedparcelable.VersionedParcel)
android.support.v4.graphics.drawable.IconCompatParcelizer: void write(androidx.core.graphics.drawable.IconCompat,androidx.versionedparcelable.VersionedParcel)
android.support.v4.graphics.drawable.IconCompatParcelizer: IconCompatParcelizer()
android.support.v4.app.RemoteActionCompatParcelizer: void write(androidx.core.app.RemoteActionCompat,androidx.versionedparcelable.VersionedParcel)
androidx.browser.browseractions.BrowserActionsFallbackMenuView: BrowserActionsFallbackMenuView(android.content.Context,android.util.AttributeSet)
androidx.core.graphics.drawable.IconCompatParcelizer: void write(androidx.core.graphics.drawable.IconCompat,androidx.versionedparcelable.VersionedParcel)
androidx.core.app.CoreComponentFactory: CoreComponentFactory()
androidx.core.graphics.drawable.IconCompatParcelizer: IconCompatParcelizer()
androidx.core.content.FileProvider: FileProvider()
com.google.androidbrowserhelper.trusted.ManageDataLauncherActivity: ManageDataLauncherActivity()
androidx.core.app.RemoteActionCompatParcelizer: androidx.core.app.RemoteActionCompat read(androidx.versionedparcelable.VersionedParcel)
androidx.versionedparcelable.CustomVersionedParcelable: CustomVersionedParcelable()
android.support.v4.graphics.drawable.IconCompatParcelizer: androidx.core.graphics.drawable.IconCompat read(androidx.versionedparcelable.VersionedParcel)
com.google.androidbrowserhelper.trusted.FocusActivity: FocusActivity()
android.support.v4.app.RemoteActionCompatParcelizer: RemoteActionCompatParcelizer()
com.google.androidbrowserhelper.trusted.NotificationPermissionRequestActivity: NotificationPermissionRequestActivity()
android.support.v4.app.RemoteActionCompatParcelizer: androidx.core.app.RemoteActionCompat read(androidx.versionedparcelable.VersionedParcel)
com.google.androidbrowserhelper.trusted.WebViewFallbackActivity: WebViewFallbackActivity()
androidx.core.app.RemoteActionCompatParcelizer: RemoteActionCompatParcelizer()
androidx.core.graphics.drawable.IconCompat: IconCompat()
androidx.core.app.RemoteActionCompat: RemoteActionCompat()
androidx.core.app.RemoteActionCompatParcelizer: void write(androidx.core.app.RemoteActionCompat,androidx.versionedparcelable.VersionedParcel)