app/build/outputs/mapping/release/mapping.txt
# compiler: R8
# compiler_version: 8.5.10
# min_api: 21
# common_typos_disable
# {"id":"com.android.tools.r8.mapping","version":"2.2"}
# pg_map_id: 98254af
# pg_map_hash: SHA-256 98254af3ebfb7953e2d8e2fc0d2d8ce1a6f6f746ff3f4b8951dd9a183f377904
com.screentimeguardian.twa.Application -> com.screentimeguardian.twa.Application:
# {"id":"sourceFile","fileName":"Application.java"}
com.screentimeguardian.twa.DelegationService -> com.screentimeguardian.twa.DelegationService:
# {"id":"sourceFile","fileName":"DelegationService.java"}
com.screentimeguardian.twa.LauncherActivity -> com.screentimeguardian.twa.LauncherActivity:
# {"id":"sourceFile","fileName":"LauncherActivity.java"}
    1:1:android.net.Uri getLaunchingUrl():0:0 -> h
...
android.support.v4.app.RemoteActionCompatParcelizer -> android.support.v4.app.RemoteActionCompatParcelizer:
# {"id":"sourceFile","fileName":"RemoteActionCompatParcelizer.java"}
android.support.v4.graphics.drawable.IconCompatParcelizer -> android.support.v4.graphics.drawable.IconCompatParcelizer:
# {"id":"sourceFile","fileName":"IconCompatParcelizer.java"}
androidx.annotation.Keep -> c.a:
# {"id":"sourceFile","fileName":"Keep.java"}
androidx.browser.R$dimen -> d.a:
    int browser_actions_context_menu_max_width -> a
    int browser_actions_context_menu_min_padding -> b
androidx.browser.browseractions.BrowserActionsFallbackMenuView -> androidx.browser.browseractions.BrowserActionsFallbackMenuView:
# {"id":"sourceFile","fileName":"BrowserActionsFallbackMenuView.java"}
    int mBrowserActionsMenuMinPaddingPx -> a
    int mBrowserActionsMenuMaxWidthPx -> b
androidx.browser.customtabs.CustomTabColorSchemeParams -> e.a:
# {"id":"sourceFile","fileName":"CustomTabColorSchemeParams.java"}
    java.lang.Integer toolbarColor -> a
    java.lang.Integer secondaryToolbarColor -> b
    java.lang.Integer navigationBarColor -> c
    java.lang.Integer navigationBarDividerColor -> d
    1:12:void <init>(java.lang.Integer,java.lang.Integer,java.lang.Integer,java.lang.Integer):0:0 -> <init>
    3:46:androidx.browser.customtabs.CustomTabColorSchemeParams fromBundle(android.os.Bundle):0:0 -> a
      # {"id":"com.android.tools.r8.residualsignature","signature":"(Landroid/os/Bundle;)Le/a;"}
    1:58:android.os.Bundle toBundle():0:0 -> b
    1:30:androidx.browser.customtabs.CustomTabColorSchemeParams withDefaults(androidx.browser.customtabs.CustomTabColorSchemeParams):0:0 -> c
      # {"id":"com.android.tools.r8.residualsignature","signature":"(Le/a;)Le/a;"}
androidx.browser.customtabs.CustomTabColorSchemeParams$Builder -> e.a$a:
# {"id":"sourceFile","fileName":"CustomTabColorSchemeParams.java"}
    java.lang.Integer mToolbarColor -> a
    java.lang.Integer mSecondaryToolbarColor -> b
    java.lang.Integer mNavigationBarColor -> c
    java.lang.Integer mNavigationBarDividerColor -> d
    1:4:void <init>():0:0 -> <init>
    1:14:androidx.browser.customtabs.CustomTabColorSchemeParams build():0:0 -> a
      # {"id":"com.android.tools.r8.residualsignature","signature":"()Le/a;"}
    4:10:androidx.browser.customtabs.CustomTabColorSchemeParams$Builder setNavigationBarColor(int):0:0 -> b
      # {"id":"com.android.tools.r8.residualsignature","signature":"(I)Le/a$a;"}
    1:7:androidx.browser.customtabs.CustomTabColorSchemeParams$Builder setNavigationBarDividerColor(int):0:0 -> c
      # {"id":"com.android.tools.r8.residualsignature","signature":"(I)Le/a$a;"}
    4:10:androidx.browser.customtabs.CustomTabColorSchemeParams$Builder setToolbarColor(int):0:0 -> d
      # {"id":"com.android.tools.r8.residualsignature","signature":"(I)Le/a$a;"}
androidx.browser.customtabs.CustomTabsCallback -> e.b:
# {"id":"sourceFile","fileName":"CustomTabsCallback.java"}
    1:4:void <init>():0:0 -> <init>
    1:1:void extraCallback(java.lang.String,android.os.Bundle):0:0 -> a
    1:2:android.os.Bundle extraCallbackWithResult(java.lang.String,android.os.Bundle):0:0 -> b
    1:1:void onMessageChannelReady(android.os.Bundle):0:0 -> c
    1:1:void onNavigationEvent(int,android.os.Bundle):0:0 -> d
    1:1:void onPostMessage(java.lang.String,android.os.Bundle):0:0 -> e
    1:1:void onRelationshipValidationResult(int,android.net.Uri,boolean,android.os.Bundle):0:0 -> f