app/build/outputs/mapping/release/usage.txt
com.screentimeguardian.twa.R$bool
com.screentimeguardian.twa.R$color
com.screentimeguardian.twa.R$drawable
com.screentimeguardian.twa.R$integer
com.screentimeguardian.twa.R$mipmap
com.screentimeguardian.twa.R$raw
com.screentimeguardian.twa.R$string
com.screentimeguardian.twa.R$xml
com.screentimeguardian.twa.R
...
com.google.androidbrowserhelper.R$integer
com.google.androidbrowserhelper.R$layout
com.google.androidbrowserhelper.R$string:
    public static int app_name
    public static int copy_toast_msg
    public static int fallback_menu_item_copy_link
    public static int fallback_menu_item_open_in_browser
    public static int fallback_menu_item_share_link
    public static int no_provider_toast
    public static int status_bar_notification_info_overflow
    public static int update_chrome_toast
    private void <init>()
com.google.androidbrowserhelper.R$style
com.google.androidbrowserhelper.R$styleable
com.google.androidbrowserhelper.R$xml
com.google.androidbrowserhelper.R
com.google.androidbrowserhelper.trusted.ChromeLegacyUtils:
    private static final java.lang.String CHROME_BETA_PACKAGE
    private static final java.lang.String CHROME_CANARY_PACKAGE
    private static final java.lang.String CHROME_DEV_PACKAGE
    private static final java.lang.String CHROME_LOCAL_BUILD_PACKAGE
    private static final java.lang.String CHROME_STABLE_PACKAGE
    private static final java.lang.String CHROMIUM_LOCAL_BUILD_PACKAGE
    private static final int VERSION_SUPPORTS_CUSTOM_COLOR
    private static final int VERSION_SUPPORTS_NO_PREWARM
    private static final int VERSION_SUPPORTS_SIMPLIFIED_MANAGE_DATA
    static final int VERSION_SUPPORTS_TRUSTED_WEB_ACTIVITIES
    private void <init>()
com.google.androidbrowserhelper.trusted.ChromeOsSupport:
    public static final java.lang.String ARC_FEATURE
    public static final java.lang.String ARC_PAYMENT_APP
    public void <init>()
com.google.androidbrowserhelper.trusted.ChromeUpdatePrompt:
    private static final java.lang.String UPDATE_CHROME_MESSAGE_RESOURCE_ID
    private void <init>()
com.google.androidbrowserhelper.trusted.ExtraCommandHandler:
    public static final java.lang.String EXTRA_COMMAND_SUCCESS
com.google.androidbrowserhelper.trusted.FocusActivity:
    private static final java.lang.String EXTRA_FOCUS_INTENT
com.google.androidbrowserhelper.trusted.LauncherActivity:
    private static final java.lang.String BROWSER_WAS_LAUNCHED_KEY
    private static final java.lang.String FALLBACK_TYPE_WEBVIEW
    private static final java.lang.String TAG
com.google.androidbrowserhelper.trusted.LauncherActivityMetadata:
    private static final int DEFAULT_COLOR_ID
    private static final int DEFAULT_DIVIDER_COLOR_ID
    private static final java.lang.String METADATA_ADDITIONAL_TRUSTED_ORIGINS
    private static final java.lang.String METADATA_DEFAULT_URL
    private static final java.lang.String METADATA_DISPLAY_MODE
    private static final java.lang.String METADATA_FALLBACK_STRATEGY
    private static final java.lang.String METADATA_FILE_PROVIDER_AUTHORITY
    private static final java.lang.String METADATA_NAVIGATION_BAR_COLOR_DARK_ID
    private static final java.lang.String METADATA_NAVIGATION_BAR_COLOR_ID
    private static final java.lang.String METADATA_NAVIGATION_BAR_DIVIDER_COLOR_DARK_ID
    private static final java.lang.String METADATA_NAVIGATION_BAR_DIVIDER_COLOR_ID
    private static final java.lang.String METADATA_SCREEN_ORIENTATION
    private static final java.lang.String METADATA_SHARE_TARGET
    private static final java.lang.String METADATA_SPLASH_IMAGE_DRAWABLE_ID
    private static final java.lang.String METADATA_SPLASH_SCREEN_BACKGROUND_COLOR
    private static final java.lang.String METADATA_SPLASH_SCREEN_FADE_OUT_DURATION
    private static final java.lang.String METADATA_STATUS_BAR_COLOR_DARK_ID
    private static final java.lang.String METADATA_STATUS_BAR_COLOR_ID
    private static final java.lang.String TAG